c:\users\47326\desktop\异动检测\build-onnx\lximagecmp.dir\release\laplacian.obj
c:\users\47326\desktop\异动检测\build-onnx\lximagecmp.dir\release\imagecmp.obj
c:\users\47326\desktop\异动检测\build-onnx\lximagecmp.dir\release\onnx_pipeline.obj
c:\users\47326\desktop\异动检测\build-onnx\lximagecmp.dir\release\yidong_main_onnx.obj
c:\users\47326\desktop\异动检测\build-onnx\lximagecmp.dir\release\base64.obj
c:\users\47326\desktop\异动检测\build-onnx\cmakefiles\generate.stamp
c:\users\47326\desktop\异动检测\build-onnx\bin\release\lximagecmp.dll
c:\users\47326\desktop\异动检测\build-onnx\release\lximagecmp.lib
c:\users\47326\desktop\异动检测\build-onnx\release\lximagecmp.exp
c:\users\47326\desktop\异动检测\build-onnx\lximagecmp.dir\release\lximagecmp.tlog\cl.command.1.tlog
c:\users\47326\desktop\异动检测\build-onnx\lximagecmp.dir\release\lximagecmp.tlog\cl.items.tlog
c:\users\47326\desktop\异动检测\build-onnx\lximagecmp.dir\release\lximagecmp.tlog\cl.read.1.tlog
c:\users\47326\desktop\异动检测\build-onnx\lximagecmp.dir\release\lximagecmp.tlog\cl.write.1.tlog
c:\users\47326\desktop\异动检测\build-onnx\lximagecmp.dir\release\lximagecmp.tlog\custombuild.command.1.tlog
c:\users\47326\desktop\异动检测\build-onnx\lximagecmp.dir\release\lximagecmp.tlog\custombuild.read.1.tlog
c:\users\47326\desktop\异动检测\build-onnx\lximagecmp.dir\release\lximagecmp.tlog\custombuild.write.1.tlog
c:\users\47326\desktop\异动检测\build-onnx\lximagecmp.dir\release\lximagecmp.tlog\link.command.1.tlog
c:\users\47326\desktop\异动检测\build-onnx\lximagecmp.dir\release\lximagecmp.tlog\link.read.1.tlog
c:\users\47326\desktop\异动检测\build-onnx\lximagecmp.dir\release\lximagecmp.tlog\link.secondary.1.tlog
c:\users\47326\desktop\异动检测\build-onnx\lximagecmp.dir\release\lximagecmp.tlog\link.write.1.tlog
